[32m2025-05-28 13:42:19.829[0;39m [INFO] com.hexaware.Employer_rest_api.CricketTeamManagementApplication [main] Starting CricketTeamManagementApplication using Java 21.0.6 with PID 32772 (C:\Users\yamin\Documents\workspace-spring-tools-for-eclipse-4.30.0.RELEASE\cricket_team_management\target\classes started by yamin in C:\Users\yamin\Documents\workspace-spring-tools-for-eclipse-4.30.0.RELEASE\cricket_team_management)
[32m2025-05-28 13:42:19.833[0;39m [INFO] com.hexaware.Employer_rest_api.CricketTeamManagementApplication [main] No active profile set, falling back to 1 default profile: "default"
[32m2025-05-28 13:42:21.411[0;39m [INFO] org.springframework.data.repository.config.RepositoryConfigurationDelegate [main] Bootstrapping Spring Data JPA repositories in DEFAULT mode.
[32m2025-05-28 13:42:21.546[0;39m [INFO] org.springframework.data.repository.config.RepositoryConfigurationDelegate [main] Finished Spring Data repository scanning in 112 ms. Found 1 JPA repository interface.
[32m2025-05-28 13:42:22.548[0;39m [INFO] org.springframework.boot.web.embedded.tomcat.TomcatWebServer [main] Tomcat initialized with port 8080 (http)
[32m2025-05-28 13:42:22.580[0;39m [INFO] org.apache.catalina.core.StandardService [main] Starting service [Tomcat]
[32m2025-05-28 13:42:22.581[0;39m [INFO] org.apache.catalina.core.StandardEngine [main] Starting Servlet engine: [Apache Tomcat/10.1.41]
[32m2025-05-28 13:42:22.686[0;39m [INFO] org.apache.catalina.core.ContainerBase.[Tomcat].[localhost].[/] [main] Initializing Spring embedded WebApplicationContext
[32m2025-05-28 13:42:22.687[0;39m [INFO] org.springframework.boot.web.servlet.context.ServletWebServerApplicationContext [main] Root WebApplicationContext: initialization completed in 2740 ms
[32m2025-05-28 13:42:23.003[0;39m [INFO] org.hibernate.jpa.internal.util.LogHelper [main] HHH000204: Processing PersistenceUnitInfo [name: default]
[32m2025-05-28 13:42:23.167[0;39m [INFO] org.hibernate.Version [main] HHH000412: Hibernate ORM core version 6.6.15.Final
[32m2025-05-28 13:42:23.254[0;39m [INFO] org.hibernate.cache.internal.RegionFactoryInitiator [main] HHH000026: Second-level cache disabled
[32m2025-05-28 13:42:23.865[0;39m [INFO] org.springframework.orm.jpa.persistenceunit.SpringPersistenceUnitInfo [main] No LoadTimeWeaver setup: ignoring JPA class transformer
[32m2025-05-28 13:42:23.920[0;39m [INFO] com.zaxxer.hikari.HikariDataSource [main] HikariPool-1 - Starting...
[32m2025-05-28 13:42:24.437[0;39m [INFO] com.zaxxer.hikari.pool.HikariPool [main] HikariPool-1 - Added connection com.mysql.cj.jdbc.ConnectionImpl@40a8a26f
[32m2025-05-28 13:42:24.440[0;39m [INFO] com.zaxxer.hikari.HikariDataSource [main] HikariPool-1 - Start completed.
[32m2025-05-28 13:42:24.528[0;39m [WARN] org.hibernate.orm.deprecation [main] HHH90000025: MySQLDialect does not need to be specified explicitly using 'hibernate.dialect' (remove the property setting and it will be selected by default)
[32m2025-05-28 13:42:24.568[0;39m [INFO] org.hibernate.orm.connections.pooling [main] HHH10001005: Database info:
	Database JDBC URL [Connecting through datasource 'HikariDataSource (HikariPool-1)']
	Database driver: undefined/unknown
	Database version: 8.0.41
	Autocommit mode: undefined/unknown
	Isolation level: undefined/unknown
	Minimum pool size: undefined/unknown
	Maximum pool size: undefined/unknown
[32m2025-05-28 13:42:26.028[0;39m [INFO] org.hibernate.engine.transaction.jta.platform.internal.JtaPlatformInitiator [main] HHH000489: No JTA platform available (set 'hibernate.transaction.jta.platform' to enable JTA platform integration)
[32m2025-05-28 13:42:26.177[0;39m [INFO] org.springframework.orm.jpa.LocalContainerEntityManagerFactoryBean [main] Initialized JPA EntityManagerFactory for persistence unit 'default'
[32m2025-05-28 13:42:26.564[0;39m [WARN] org.springframework.boot.autoconfigure.orm.jpa.JpaBaseConfiguration$JpaWebConfiguration [main] spring.jpa.open-in-view is enabled by default. Therefore, database queries may be performed during view rendering. Explicitly configure spring.jpa.open-in-view to disable this warning
[32m2025-05-28 13:42:27.135[0;39m [INFO] org.springframework.boot.web.embedded.tomcat.TomcatWebServer [main] Tomcat started on port 8080 (http) with context path '/'
[32m2025-05-28 13:42:27.149[0;39m [INFO] com.hexaware.Employer_rest_api.CricketTeamManagementApplication [main] Started CricketTeamManagementApplication in 8.409 seconds (process running for 10.191)
[32m2025-05-28 13:48:06.660[0;39m [INFO] org.apache.catalina.core.ContainerBase.[Tomcat].[localhost].[/] [http-nio-8080-exec-2] Initializing Spring DispatcherServlet 'dispatcherServlet'
[32m2025-05-28 13:48:06.660[0;39m [INFO] org.springframework.web.servlet.DispatcherServlet [http-nio-8080-exec-2] Initializing Servlet 'dispatcherServlet'
[32m2025-05-28 13:48:06.662[0;39m [INFO] org.springframework.web.servlet.DispatcherServlet [http-nio-8080-exec-2] Completed initialization in 1 ms
[32m2025-05-28 13:48:43.180[0;39m [INFO] com.hexaware.Employer_rest_api.restcontroller.PlayerController [http-nio-8080-exec-3] employercontroller is working...
[32m2025-05-28 13:48:52.816[0;39m [INFO] com.hexaware.Employer_rest_api.restcontroller.PlayerController [http-nio-8080-exec-4] employercontroller is working...
[32m2025-05-28 13:51:18.928[0;39m [INFO] org.springframework.boot.admin.SpringApplicationAdminMXBeanRegistrar$SpringApplicationAdmin [RMI TCP Connection(12)-127.0.0.1] Application shutdown requested.
[32m2025-05-28 13:51:18.932[0;39m [INFO] org.springframework.boot.web.embedded.tomcat.GracefulShutdown [RMI TCP Connection(12)-127.0.0.1] Commencing graceful shutdown. Waiting for active requests to complete
[32m2025-05-28 13:51:18.937[0;39m [INFO] org.springframework.boot.web.embedded.tomcat.GracefulShutdown [tomcat-shutdown] Graceful shutdown complete
[32m2025-05-28 13:51:18.940[0;39m [INFO] org.springframework.orm.jpa.LocalContainerEntityManagerFactoryBean [RMI TCP Connection(12)-127.0.0.1] Closing JPA EntityManagerFactory for persistence unit 'default'
[32m2025-05-28 13:51:18.943[0;39m [INFO] com.zaxxer.hikari.HikariDataSource [RMI TCP Connection(12)-127.0.0.1] HikariPool-1 - Shutdown initiated...
[32m2025-05-28 13:51:18.950[0;39m [INFO] com.zaxxer.hikari.HikariDataSource [RMI TCP Connection(12)-127.0.0.1] HikariPool-1 - Shutdown completed.
[32m2025-05-28 13:51:22.348[0;39m [INFO] com.hexaware.Employer_rest_api.CricketTeamManagementApplication [main] Starting CricketTeamManagementApplication using Java 21.0.6 with PID 17300 (C:\Users\yamin\Documents\workspace-spring-tools-for-eclipse-4.30.0.RELEASE\cricket_team_management\target\classes started by yamin in C:\Users\yamin\Documents\workspace-spring-tools-for-eclipse-4.30.0.RELEASE\cricket_team_management)
[32m2025-05-28 13:51:22.352[0;39m [INFO] com.hexaware.Employer_rest_api.CricketTeamManagementApplication [main] No active profile set, falling back to 1 default profile: "default"
[32m2025-05-28 13:51:23.435[0;39m [INFO] org.springframework.data.repository.config.RepositoryConfigurationDelegate [main] Bootstrapping Spring Data JPA repositories in DEFAULT mode.
[32m2025-05-28 13:51:23.521[0;39m [INFO] org.springframework.data.repository.config.RepositoryConfigurationDelegate [main] Finished Spring Data repository scanning in 72 ms. Found 1 JPA repository interface.
[32m2025-05-28 13:51:24.083[0;39m [INFO] org.springframework.boot.web.embedded.tomcat.TomcatWebServer [main] Tomcat initialized with port 8080 (http)
[32m2025-05-28 13:51:24.102[0;39m [INFO] org.apache.catalina.core.StandardService [main] Starting service [Tomcat]
[32m2025-05-28 13:51:24.103[0;39m [INFO] org.apache.catalina.core.StandardEngine [main] Starting Servlet engine: [Apache Tomcat/10.1.41]
[32m2025-05-28 13:51:24.168[0;39m [INFO] org.apache.catalina.core.ContainerBase.[Tomcat].[localhost].[/] [main] Initializing Spring embedded WebApplicationContext
[32m2025-05-28 13:51:24.168[0;39m [INFO] org.springframework.boot.web.servlet.context.ServletWebServerApplicationContext [main] Root WebApplicationContext: initialization completed in 1745 ms
[32m2025-05-28 13:51:24.358[0;39m [INFO] org.hibernate.jpa.internal.util.LogHelper [main] HHH000204: Processing PersistenceUnitInfo [name: default]
[32m2025-05-28 13:51:24.430[0;39m [INFO] org.hibernate.Version [main] HHH000412: Hibernate ORM core version 6.6.15.Final
[32m2025-05-28 13:51:24.472[0;39m [INFO] org.hibernate.cache.internal.RegionFactoryInitiator [main] HHH000026: Second-level cache disabled
[32m2025-05-28 13:51:24.889[0;39m [INFO] org.springframework.orm.jpa.persistenceunit.SpringPersistenceUnitInfo [main] No LoadTimeWeaver setup: ignoring JPA class transformer
[32m2025-05-28 13:51:24.925[0;39m [INFO] com.zaxxer.hikari.HikariDataSource [main] HikariPool-1 - Starting...
[32m2025-05-28 13:51:25.407[0;39m [INFO] com.zaxxer.hikari.pool.HikariPool [main] HikariPool-1 - Added connection com.mysql.cj.jdbc.ConnectionImpl@6df2a206
[32m2025-05-28 13:51:25.410[0;39m [INFO] com.zaxxer.hikari.HikariDataSource [main] HikariPool-1 - Start completed.
[32m2025-05-28 13:51:25.476[0;39m [WARN] org.hibernate.orm.deprecation [main] HHH90000025: MySQLDialect does not need to be specified explicitly using 'hibernate.dialect' (remove the property setting and it will be selected by default)
[32m2025-05-28 13:51:25.498[0;39m [INFO] org.hibernate.orm.connections.pooling [main] HHH10001005: Database info:
	Database JDBC URL [Connecting through datasource 'HikariDataSource (HikariPool-1)']
	Database driver: undefined/unknown
	Database version: 8.0.41
	Autocommit mode: undefined/unknown
	Isolation level: undefined/unknown
	Minimum pool size: undefined/unknown
	Maximum pool size: undefined/unknown
[32m2025-05-28 13:51:26.740[0;39m [INFO] org.hibernate.engine.transaction.jta.platform.internal.JtaPlatformInitiator [main] HHH000489: No JTA platform available (set 'hibernate.transaction.jta.platform' to enable JTA platform integration)
[32m2025-05-28 13:51:26.871[0;39m [INFO] org.springframework.orm.jpa.LocalContainerEntityManagerFactoryBean [main] Initialized JPA EntityManagerFactory for persistence unit 'default'
[32m2025-05-28 13:51:27.291[0;39m [WARN] org.springframework.boot.autoconfigure.orm.jpa.JpaBaseConfiguration$JpaWebConfiguration [main] spring.jpa.open-in-view is enabled by default. Therefore, database queries may be performed during view rendering. Explicitly configure spring.jpa.open-in-view to disable this warning
[32m2025-05-28 13:51:27.826[0;39m [INFO] org.springframework.boot.web.embedded.tomcat.TomcatWebServer [main] Tomcat started on port 8080 (http) with context path '/'
[32m2025-05-28 13:51:27.838[0;39m [INFO] com.hexaware.Employer_rest_api.CricketTeamManagementApplication [main] Started CricketTeamManagementApplication in 6.276 seconds (process running for 7.401)
[32m2025-05-28 13:52:48.390[0;39m [INFO] org.springframework.boot.admin.SpringApplicationAdminMXBeanRegistrar$SpringApplicationAdmin [RMI TCP Connection(5)-127.0.0.1] Application shutdown requested.
[32m2025-05-28 13:52:48.394[0;39m [INFO] org.springframework.boot.web.embedded.tomcat.GracefulShutdown [RMI TCP Connection(5)-127.0.0.1] Commencing graceful shutdown. Waiting for active requests to complete
[32m2025-05-28 13:52:48.400[0;39m [INFO] org.springframework.boot.web.embedded.tomcat.GracefulShutdown [tomcat-shutdown] Graceful shutdown complete
[32m2025-05-28 13:52:48.405[0;39m [INFO] org.springframework.orm.jpa.LocalContainerEntityManagerFactoryBean [RMI TCP Connection(5)-127.0.0.1] Closing JPA EntityManagerFactory for persistence unit 'default'
[32m2025-05-28 13:52:48.408[0;39m [INFO] com.zaxxer.hikari.HikariDataSource [RMI TCP Connection(5)-127.0.0.1] HikariPool-1 - Shutdown initiated...
[32m2025-05-28 13:52:48.416[0;39m [INFO] com.zaxxer.hikari.HikariDataSource [RMI TCP Connection(5)-127.0.0.1] HikariPool-1 - Shutdown completed.
[32m2025-05-28 13:52:51.677[0;39m [INFO] com.hexaware.Employer_rest_api.CricketTeamManagementApplication [main] Starting CricketTeamManagementApplication using Java 21.0.6 with PID 38328 (C:\Users\yamin\Documents\workspace-spring-tools-for-eclipse-4.30.0.RELEASE\cricket_team_management\target\classes started by yamin in C:\Users\yamin\Documents\workspace-spring-tools-for-eclipse-4.30.0.RELEASE\cricket_team_management)
[32m2025-05-28 13:52:51.681[0;39m [INFO] com.hexaware.Employer_rest_api.CricketTeamManagementApplication [main] No active profile set, falling back to 1 default profile: "default"
[32m2025-05-28 13:52:52.718[0;39m [INFO] org.springframework.data.repository.config.RepositoryConfigurationDelegate [main] Bootstrapping Spring Data JPA repositories in DEFAULT mode.
[32m2025-05-28 13:52:52.811[0;39m [INFO] org.springframework.data.repository.config.RepositoryConfigurationDelegate [main] Finished Spring Data repository scanning in 82 ms. Found 1 JPA repository interface.
[32m2025-05-28 13:52:53.383[0;39m [INFO] org.springframework.boot.web.embedded.tomcat.TomcatWebServer [main] Tomcat initialized with port 8080 (http)
[32m2025-05-28 13:52:53.402[0;39m [INFO] org.apache.catalina.core.StandardService [main] Starting service [Tomcat]
[32m2025-05-28 13:52:53.403[0;39m [INFO] org.apache.catalina.core.StandardEngine [main] Starting Servlet engine: [Apache Tomcat/10.1.41]
[32m2025-05-28 13:52:53.457[0;39m [INFO] org.apache.catalina.core.ContainerBase.[Tomcat].[localhost].[/] [main] Initializing Spring embedded WebApplicationContext
[32m2025-05-28 13:52:53.458[0;39m [INFO] org.springframework.boot.web.servlet.context.ServletWebServerApplicationContext [main] Root WebApplicationContext: initialization completed in 1699 ms
[32m2025-05-28 13:52:53.659[0;39m [INFO] org.hibernate.jpa.internal.util.LogHelper [main] HHH000204: Processing PersistenceUnitInfo [name: default]
[32m2025-05-28 13:52:53.736[0;39m [INFO] org.hibernate.Version [main] HHH000412: Hibernate ORM core version 6.6.15.Final
[32m2025-05-28 13:52:53.776[0;39m [INFO] org.hibernate.cache.internal.RegionFactoryInitiator [main] HHH000026: Second-level cache disabled
[32m2025-05-28 13:52:54.127[0;39m [INFO] org.springframework.orm.jpa.persistenceunit.SpringPersistenceUnitInfo [main] No LoadTimeWeaver setup: ignoring JPA class transformer
[32m2025-05-28 13:52:54.162[0;39m [INFO] com.zaxxer.hikari.HikariDataSource [main] HikariPool-1 - Starting...
[32m2025-05-28 13:52:54.594[0;39m [INFO] com.zaxxer.hikari.pool.HikariPool [main] HikariPool-1 - Added connection com.mysql.cj.jdbc.ConnectionImpl@79ba0285
[32m2025-05-28 13:52:54.598[0;39m [INFO] com.zaxxer.hikari.HikariDataSource [main] HikariPool-1 - Start completed.
[32m2025-05-28 13:52:54.656[0;39m [WARN] org.hibernate.orm.deprecation [main] HHH90000025: MySQLDialect does not need to be specified explicitly using 'hibernate.dialect' (remove the property setting and it will be selected by default)
[32m2025-05-28 13:52:54.677[0;39m [INFO] org.hibernate.orm.connections.pooling [main] HHH10001005: Database info:
	Database JDBC URL [Connecting through datasource 'HikariDataSource (HikariPool-1)']
	Database driver: undefined/unknown
	Database version: 8.0.41
	Autocommit mode: undefined/unknown
	Isolation level: undefined/unknown
	Minimum pool size: undefined/unknown
	Maximum pool size: undefined/unknown
[32m2025-05-28 13:52:55.817[0;39m [INFO] org.hibernate.engine.transaction.jta.platform.internal.JtaPlatformInitiator [main] HHH000489: No JTA platform available (set 'hibernate.transaction.jta.platform' to enable JTA platform integration)
[32m2025-05-28 13:52:55.902[0;39m [INFO] org.springframework.orm.jpa.LocalContainerEntityManagerFactoryBean [main] Initialized JPA EntityManagerFactory for persistence unit 'default'
[32m2025-05-28 13:52:56.252[0;39m [WARN] org.springframework.boot.autoconfigure.orm.jpa.JpaBaseConfiguration$JpaWebConfiguration [main] spring.jpa.open-in-view is enabled by default. Therefore, database queries may be performed during view rendering. Explicitly configure spring.jpa.open-in-view to disable this warning
[32m2025-05-28 13:52:56.725[0;39m [INFO] org.springframework.boot.web.embedded.tomcat.TomcatWebServer [main] Tomcat started on port 8080 (http) with context path '/'
[32m2025-05-28 13:52:56.736[0;39m [INFO] com.hexaware.Employer_rest_api.CricketTeamManagementApplication [main] Started CricketTeamManagementApplication in 5.807 seconds (process running for 6.847)
[32m2025-05-28 13:56:53.751[0;39m [INFO] org.springframework.boot.admin.SpringApplicationAdminMXBeanRegistrar$SpringApplicationAdmin [RMI TCP Connection(7)-127.0.0.1] Application shutdown requested.
[32m2025-05-28 13:56:53.756[0;39m [INFO] org.springframework.boot.web.embedded.tomcat.GracefulShutdown [RMI TCP Connection(7)-127.0.0.1] Commencing graceful shutdown. Waiting for active requests to complete
[32m2025-05-28 13:56:53.765[0;39m [INFO] org.springframework.boot.web.embedded.tomcat.GracefulShutdown [tomcat-shutdown] Graceful shutdown complete
[32m2025-05-28 13:56:53.779[0;39m [INFO] org.springframework.orm.jpa.LocalContainerEntityManagerFactoryBean [RMI TCP Connection(7)-127.0.0.1] Closing JPA EntityManagerFactory for persistence unit 'default'
[32m2025-05-28 13:56:53.784[0;39m [INFO] com.zaxxer.hikari.HikariDataSource [RMI TCP Connection(7)-127.0.0.1] HikariPool-1 - Shutdown initiated...
[32m2025-05-28 13:56:53.799[0;39m [INFO] com.zaxxer.hikari.HikariDataSource [RMI TCP Connection(7)-127.0.0.1] HikariPool-1 - Shutdown completed.
[32m2025-05-28 13:57:04.983[0;39m [INFO] com.hexaware.Employer_rest_api.CricketTeamManagementApplication [main] Starting CricketTeamManagementApplication using Java 21.0.6 with PID 29556 (C:\Users\yamin\Documents\workspace-spring-tools-for-eclipse-4.30.0.RELEASE\cricket_team_management\target\classes started by yamin in C:\Users\yamin\Documents\workspace-spring-tools-for-eclipse-4.30.0.RELEASE\cricket_team_management)
[32m2025-05-28 13:57:04.986[0;39m [INFO] com.hexaware.Employer_rest_api.CricketTeamManagementApplication [main] No active profile set, falling back to 1 default profile: "default"
[32m2025-05-28 13:57:06.501[0;39m [INFO] org.springframework.data.repository.config.RepositoryConfigurationDelegate [main] Bootstrapping Spring Data JPA repositories in DEFAULT mode.
[32m2025-05-28 13:57:06.596[0;39m [INFO] org.springframework.data.repository.config.RepositoryConfigurationDelegate [main] Finished Spring Data repository scanning in 80 ms. Found 1 JPA repository interface.
[32m2025-05-28 13:57:07.368[0;39m [INFO] org.springframework.boot.web.embedded.tomcat.TomcatWebServer [main] Tomcat initialized with port(s): 8080 (http)
[32m2025-05-28 13:57:07.387[0;39m [INFO] org.apache.catalina.core.StandardService [main] Starting service [Tomcat]
[32m2025-05-28 13:57:07.387[0;39m [INFO] org.apache.catalina.core.StandardEngine [main] Starting Servlet engine: [Apache Tomcat/10.1.18]
[32m2025-05-28 13:57:07.526[0;39m [INFO] org.apache.catalina.core.ContainerBase.[Tomcat].[localhost].[/] [main] Initializing Spring embedded WebApplicationContext
[32m2025-05-28 13:57:07.527[0;39m [INFO] org.springframework.boot.web.servlet.context.ServletWebServerApplicationContext [main] Root WebApplicationContext: initialization completed in 2451 ms
[32m2025-05-28 13:57:07.764[0;39m [INFO] org.hibernate.jpa.internal.util.LogHelper [main] HHH000204: Processing PersistenceUnitInfo [name: default]
[32m2025-05-28 13:57:07.894[0;39m [INFO] org.hibernate.Version [main] HHH000412: Hibernate ORM core version 6.2.20.Final
[32m2025-05-28 13:57:07.898[0;39m [INFO] org.hibernate.cfg.Environment [main] HHH000406: Using bytecode reflection optimizer
[32m2025-05-28 13:57:08.391[0;39m [INFO] org.springframework.orm.jpa.persistenceunit.SpringPersistenceUnitInfo [main] No LoadTimeWeaver setup: ignoring JPA class transformer
[32m2025-05-28 13:57:08.436[0;39m [INFO] com.zaxxer.hikari.HikariDataSource [main] HikariPool-1 - Starting...
[32m2025-05-28 13:57:08.898[0;39m [INFO] com.zaxxer.hikari.pool.HikariPool [main] HikariPool-1 - Added connection com.mysql.cj.jdbc.ConnectionImpl@5a8dcfbb
[32m2025-05-28 13:57:08.901[0;39m [INFO] com.zaxxer.hikari.HikariDataSource [main] HikariPool-1 - Start completed.
[32m2025-05-28 13:57:08.992[0;39m [WARN] org.hibernate.orm.deprecation [main] HHH90000025: MySQLDialect does not need to be specified explicitly using 'hibernate.dialect' (remove the property setting and it will be selected by default)
[32m2025-05-28 13:57:10.502[0;39m [INFO] org.hibernate.engine.transaction.jta.platform.internal.JtaPlatformInitiator [main] HHH000489: No JTA platform available (set 'hibernate.transaction.jta.platform' to enable JTA platform integration)
[32m2025-05-28 13:57:10.578[0;39m [INFO] org.springframework.orm.jpa.LocalContainerEntityManagerFactoryBean [main] Initialized JPA EntityManagerFactory for persistence unit 'default'
[32m2025-05-28 13:57:11.180[0;39m [WARN] org.springframework.boot.autoconfigure.orm.jpa.JpaBaseConfiguration$JpaWebConfiguration [main] spring.jpa.open-in-view is enabled by default. Therefore, database queries may be performed during view rendering. Explicitly configure spring.jpa.open-in-view to disable this warning
[32m2025-05-28 13:57:12.774[0;39m [INFO] org.springframework.boot.web.embedded.tomcat.TomcatWebServer [main] Tomcat started on port(s): 8080 (http) with context path ''
[32m2025-05-28 13:57:12.788[0;39m [INFO] com.hexaware.Employer_rest_api.CricketTeamManagementApplication [main] Started CricketTeamManagementApplication in 8.54 seconds (process running for 9.695)
[32m2025-05-28 13:57:41.607[0;39m [INFO] org.apache.catalina.core.ContainerBase.[Tomcat].[localhost].[/] [http-nio-8080-exec-2] Initializing Spring DispatcherServlet 'dispatcherServlet'
[32m2025-05-28 13:57:41.608[0;39m [INFO] org.springframework.web.servlet.DispatcherServlet [http-nio-8080-exec-2] Initializing Servlet 'dispatcherServlet'
[32m2025-05-28 13:57:41.611[0;39m [INFO] org.springframework.web.servlet.DispatcherServlet [http-nio-8080-exec-2] Completed initialization in 3 ms
[32m2025-05-28 13:57:41.959[0;39m [INFO] com.hexaware.Employer_rest_api.restcontroller.PlayerController [http-nio-8080-exec-2] employercontroller is working...
